<?xml version="1.0" encoding="UTF-8"?>
<robot generator="Robot 6.1.1 (Python 3.10.12 on linux)" generated="20241115 15:37:08.973" rpa="false" schemaversion="4">
<suite id="s1" name="Tests" source="/home/imriina/palautusrepositorio/viikko3/web-login/src/tests">
<suite id="s1-s1" name="Home" source="/home/imriina/palautusrepositorio/viikko3/web-login/src/tests/home.robot">
<kw name="Open And Configure Browser" library="resource" type="SETUP">
<if>
<branch type="IF" condition="$BROWSER == 'chrome'">
<kw name="Evaluate" library="BuiltIn">
<var>${options}</var>
<arg>sys.modules['selenium.webdriver'].ChromeOptions()</arg>
<arg>sys</arg>
<doc>Evaluates the given expression in Python and returns the result.</doc>
<msg timestamp="20241115 15:37:09.134" level="INFO">${options} = &lt;selenium.webdriver.chrome.options.Options object at 0x742bd673b760&gt;</msg>
<status status="PASS" starttime="20241115 15:37:09.134" endtime="20241115 15:37:09.134"/>
</kw>
<status status="PASS" starttime="20241115 15:37:09.121" endtime="20241115 15:37:09.134"/>
</branch>
<branch type="ELSE IF" condition="$BROWSER == 'firefox'">
<kw name="Evaluate" library="BuiltIn">
<var>${options}</var>
<arg>sys.modules['selenium.webdriver'].FirefoxOptions()</arg>
<arg>sys</arg>
<doc>Evaluates the given expression in Python and returns the result.</doc>
<status status="NOT RUN" starttime="20241115 15:37:09.134" endtime="20241115 15:37:09.134"/>
</kw>
<status status="NOT RUN" starttime="20241115 15:37:09.134" endtime="20241115 15:37:09.134"/>
</branch>
<status status="PASS" starttime="20241115 15:37:09.121" endtime="20241115 15:37:09.134"/>
</if>
<if>
<branch type="IF" condition="$HEADLESS == 'true'">
<kw name="Set Selenium Speed" library="SeleniumLibrary">
<arg>0</arg>
<doc>Sets the delay that is waited after each Selenium command.</doc>
<status status="PASS" starttime="20241115 15:37:09.134" endtime="20241115 15:37:09.135"/>
</kw>
<kw name="Call Method" library="BuiltIn">
<arg>${options}</arg>
<arg>add_argument</arg>
<arg>--headless</arg>
<doc>Calls the named method of the given object with the provided arguments.</doc>
<status status="PASS" starttime="20241115 15:37:09.135" endtime="20241115 15:37:09.135"/>
</kw>
<status status="PASS" starttime="20241115 15:37:09.134" endtime="20241115 15:37:09.135"/>
</branch>
<branch type="ELSE">
<kw name="Set Selenium Speed" library="SeleniumLibrary">
<arg>${DELAY}</arg>
<doc>Sets the delay that is waited after each Selenium command.</doc>
<status status="NOT RUN" starttime="20241115 15:37:09.135" endtime="20241115 15:37:09.135"/>
</kw>
<status status="NOT RUN" starttime="20241115 15:37:09.135" endtime="20241115 15:37:09.135"/>
</branch>
<status status="PASS" starttime="20241115 15:37:09.134" endtime="20241115 15:37:09.135"/>
</if>
<kw name="Open Browser" library="SeleniumLibrary">
<arg>browser=${BROWSER}</arg>
<arg>options=${options}</arg>
<doc>Opens a new browser instance to the optional ``url``.</doc>
<msg timestamp="20241115 15:37:09.135" level="INFO">Opening browser 'chrome' to base url 'None'.</msg>
<msg timestamp="20241115 15:37:09.167" level="WARN">The chromedriver version (130.0.6723.91) detected in PATH at /usr/bin/chromedriver might not be compatible with the detected chrome version (131.0.6778.69); currently, chromedriver 131.0.6778.69 is recommended for chrome 131.*, so it is advised to delete the driver in PATH and retry</msg>
<status status="PASS" starttime="20241115 15:37:09.135" endtime="20241115 15:37:09.336"/>
</kw>
<status status="PASS" starttime="20241115 15:37:09.120" endtime="20241115 15:37:09.336"/>
</kw>
<test id="s1-s1-t1" name="Click Login Link" line="8">
<kw name="Reset Application And Go To Starting Page" type="SETUP">
<kw name="Reset Application" library="AppLibrary">
<status status="PASS" starttime="20241115 15:37:09.337" endtime="20241115 15:37:09.340"/>
</kw>
<kw name="Go To Starting Page" library="resource">
<kw name="Go To" library="SeleniumLibrary">
<arg>${HOME_URL}</arg>
<doc>Navigates the current browser window to the provided ``url``.</doc>
<msg timestamp="20241115 15:37:09.340" level="INFO">Opening url 'http://localhost:5001'</msg>
<status status="PASS" starttime="20241115 15:37:09.340" endtime="20241115 15:37:09.372"/>
</kw>
<status status="PASS" starttime="20241115 15:37:09.340" endtime="20241115 15:37:09.372"/>
</kw>
<status status="PASS" starttime="20241115 15:37:09.337" endtime="20241115 15:37:09.372"/>
</kw>
<kw name="Click Link" library="SeleniumLibrary">
<arg>Login</arg>
<doc>Clicks a link identified by ``locator``.</doc>
<msg timestamp="20241115 15:37:09.372" level="INFO">Clicking link 'Login'.</msg>
<status status="PASS" starttime="20241115 15:37:09.372" endtime="20241115 15:37:09.426"/>
</kw>
<kw name="Login Page Should Be Open" library="resource">
<kw name="Title Should Be" library="SeleniumLibrary">
<arg>Login</arg>
<doc>Verifies that the current page title equals ``title``.</doc>
<msg timestamp="20241115 15:37:09.430" level="INFO">Page title is 'Login'.</msg>
<status status="PASS" starttime="20241115 15:37:09.426" endtime="20241115 15:37:09.430"/>
</kw>
<status status="PASS" starttime="20241115 15:37:09.426" endtime="20241115 15:37:09.430"/>
</kw>
<status status="PASS" starttime="20241115 15:37:09.336" endtime="20241115 15:37:09.430"/>
</test>
<test id="s1-s1-t2" name="Click Register Link" line="12">
<kw name="Reset Application And Go To Starting Page" type="SETUP">
<kw name="Reset Application" library="AppLibrary">
<status status="PASS" starttime="20241115 15:37:09.431" endtime="20241115 15:37:09.433"/>
</kw>
<kw name="Go To Starting Page" library="resource">
<kw name="Go To" library="SeleniumLibrary">
<arg>${HOME_URL}</arg>
<doc>Navigates the current browser window to the provided ``url``.</doc>
<msg timestamp="20241115 15:37:09.433" level="INFO">Opening url 'http://localhost:5001'</msg>
<status status="PASS" starttime="20241115 15:37:09.433" endtime="20241115 15:37:09.448"/>
</kw>
<status status="PASS" starttime="20241115 15:37:09.433" endtime="20241115 15:37:09.448"/>
</kw>
<status status="PASS" starttime="20241115 15:37:09.430" endtime="20241115 15:37:09.448"/>
</kw>
<kw name="Click Link" library="SeleniumLibrary">
<arg>Register new user</arg>
<doc>Clicks a link identified by ``locator``.</doc>
<msg timestamp="20241115 15:37:09.449" level="INFO">Clicking link 'Register new user'.</msg>
<status status="PASS" starttime="20241115 15:37:09.448" endtime="20241115 15:37:09.492"/>
</kw>
<kw name="Register Page Should Be Open" library="resource">
<kw name="Title Should Be" library="SeleniumLibrary">
<arg>Register</arg>
<doc>Verifies that the current page title equals ``title``.</doc>
<msg timestamp="20241115 15:37:09.495" level="INFO">Page title is 'Register'.</msg>
<status status="PASS" starttime="20241115 15:37:09.492" endtime="20241115 15:37:09.495"/>
</kw>
<status status="PASS" starttime="20241115 15:37:09.492" endtime="20241115 15:37:09.496"/>
</kw>
<status status="PASS" starttime="20241115 15:37:09.430" endtime="20241115 15:37:09.496"/>
</test>
<kw name="Close Browser" library="SeleniumLibrary" type="TEARDOWN">
<doc>Closes the current browser.</doc>
<status status="PASS" starttime="20241115 15:37:09.496" endtime="20241115 15:37:09.558"/>
</kw>
<status status="PASS" starttime="20241115 15:37:08.984" endtime="20241115 15:37:09.558"/>
</suite>
<suite id="s1-s2" name="Login" source="/home/imriina/palautusrepositorio/viikko3/web-login/src/tests/login.robot">
<kw name="Open And Configure Browser" library="resource" type="SETUP">
<if>
<branch type="IF" condition="$BROWSER == 'chrome'">
<kw name="Evaluate" library="BuiltIn">
<var>${options}</var>
<arg>sys.modules['selenium.webdriver'].ChromeOptions()</arg>
<arg>sys</arg>
<doc>Evaluates the given expression in Python and returns the result.</doc>
<msg timestamp="20241115 15:37:09.564" level="INFO">${options} = &lt;selenium.webdriver.chrome.options.Options object at 0x742bd65e13c0&gt;</msg>
<status status="PASS" starttime="20241115 15:37:09.563" endtime="20241115 15:37:09.564"/>
</kw>
<status status="PASS" starttime="20241115 15:37:09.563" endtime="20241115 15:37:09.564"/>
</branch>
<branch type="ELSE IF" condition="$BROWSER == 'firefox'">
<kw name="Evaluate" library="BuiltIn">
<var>${options}</var>
<arg>sys.modules['selenium.webdriver'].FirefoxOptions()</arg>
<arg>sys</arg>
<doc>Evaluates the given expression in Python and returns the result.</doc>
<status status="NOT RUN" starttime="20241115 15:37:09.564" endtime="20241115 15:37:09.564"/>
</kw>
<status status="NOT RUN" starttime="20241115 15:37:09.564" endtime="20241115 15:37:09.564"/>
</branch>
<status status="PASS" starttime="20241115 15:37:09.563" endtime="20241115 15:37:09.564"/>
</if>
<if>
<branch type="IF" condition="$HEADLESS == 'true'">
<kw name="Set Selenium Speed" library="SeleniumLibrary">
<arg>0</arg>
<doc>Sets the delay that is waited after each Selenium command.</doc>
<status status="PASS" starttime="20241115 15:37:09.565" endtime="20241115 15:37:09.565"/>
</kw>
<kw name="Call Method" library="BuiltIn">
<arg>${options}</arg>
<arg>add_argument</arg>
<arg>--headless</arg>
<doc>Calls the named method of the given object with the provided arguments.</doc>
<status status="PASS" starttime="20241115 15:37:09.565" endtime="20241115 15:37:09.565"/>
</kw>
<status status="PASS" starttime="20241115 15:37:09.564" endtime="20241115 15:37:09.565"/>
</branch>
<branch type="ELSE">
<kw name="Set Selenium Speed" library="SeleniumLibrary">
<arg>${DELAY}</arg>
<doc>Sets the delay that is waited after each Selenium command.</doc>
<status status="NOT RUN" starttime="20241115 15:37:09.565" endtime="20241115 15:37:09.566"/>
</kw>
<status status="NOT RUN" starttime="20241115 15:37:09.565" endtime="20241115 15:37:09.566"/>
</branch>
<status status="PASS" starttime="20241115 15:37:09.564" endtime="20241115 15:37:09.566"/>
</if>
<kw name="Open Browser" library="SeleniumLibrary">
<arg>browser=${BROWSER}</arg>
<arg>options=${options}</arg>
<doc>Opens a new browser instance to the optional ``url``.</doc>
<msg timestamp="20241115 15:37:09.567" level="INFO">Opening browser 'chrome' to base url 'None'.</msg>
<msg timestamp="20241115 15:37:09.614" level="WARN">The chromedriver version (130.0.6723.91) detected in PATH at /usr/bin/chromedriver might not be compatible with the detected chrome version (131.0.6778.69); currently, chromedriver 131.0.6778.69 is recommended for chrome 131.*, so it is advised to delete the driver in PATH and retry</msg>
<status status="PASS" starttime="20241115 15:37:09.566" endtime="20241115 15:37:09.797"/>
</kw>
<status status="PASS" starttime="20241115 15:37:09.563" endtime="20241115 15:37:09.798"/>
</kw>
<test id="s1-s2-t1" name="Login With Correct Credentials" line="8">
<kw name="Reset Application Create User And Go To Login Page" type="SETUP">
<kw name="Reset Application" library="AppLibrary">
<status status="PASS" starttime="20241115 15:37:09.798" endtime="20241115 15:37:09.800"/>
</kw>
<kw name="Create User" library="AppLibrary">
<arg>kalle</arg>
<arg>kalle123</arg>
<status status="PASS" starttime="20241115 15:37:09.800" endtime="20241115 15:37:09.806"/>
</kw>
<kw name="Go To Login Page" library="resource">
<kw name="Go To" library="SeleniumLibrary">
<arg>${LOGIN_URL}</arg>
<doc>Navigates the current browser window to the provided ``url``.</doc>
<msg timestamp="20241115 15:37:09.806" level="INFO">Opening url 'http://localhost:5001/login'</msg>
<status status="PASS" starttime="20241115 15:37:09.806" endtime="20241115 15:37:09.837"/>
</kw>
<status status="PASS" starttime="20241115 15:37:09.806" endtime="20241115 15:37:09.837"/>
</kw>
<status status="PASS" starttime="20241115 15:37:09.798" endtime="20241115 15:37:09.837"/>
</kw>
<kw name="Set Username">
<arg>kalle</arg>
<kw name="Input Text" library="SeleniumLibrary">
<arg>username</arg>
<arg>${username}</arg>
<doc>Types the given ``text`` into the text field identified by ``locator``.</doc>
<msg timestamp="20241115 15:37:09.838" level="INFO">Typing text 'kalle' into text field 'username'.</msg>
<status status="PASS" starttime="20241115 15:37:09.837" endtime="20241115 15:37:09.902"/>
</kw>
<status status="PASS" starttime="20241115 15:37:09.837" endtime="20241115 15:37:09.902"/>
</kw>
<kw name="Set Password">
<arg>kalle123</arg>
<kw name="Input Password" library="SeleniumLibrary">
<arg>password</arg>
<arg>${password}</arg>
<doc>Types the given password into the text field identified by ``locator``.</doc>
<msg timestamp="20241115 15:37:09.903" level="INFO">Typing password into text field 'password'.</msg>
<msg timestamp="20241115 15:37:09.924" level="INFO">Temporally setting log level to: NONE</msg>
<msg timestamp="20241115 15:37:09.946" level="INFO">Log level changed from NONE to INFO.</msg>
<status status="PASS" starttime="20241115 15:37:09.902" endtime="20241115 15:37:09.946"/>
</kw>
<status status="PASS" starttime="20241115 15:37:09.902" endtime="20241115 15:37:09.947"/>
</kw>
<kw name="Submit Credentials">
<kw name="Click Button" library="SeleniumLibrary">
<arg>Login</arg>
<doc>Clicks the button identified by ``locator``.</doc>
<msg timestamp="20241115 15:37:09.947" level="INFO">Clicking button 'Login'.</msg>
<status status="PASS" starttime="20241115 15:37:09.947" endtime="20241115 15:37:09.990"/>
</kw>
<status status="PASS" starttime="20241115 15:37:09.947" endtime="20241115 15:37:09.990"/>
</kw>
<kw name="Login Should Succeed">
<kw name="Main Page Should Be Open" library="resource">
<kw name="Title Should Be" library="SeleniumLibrary">
<arg>Ohtu Application main page</arg>
<doc>Verifies that the current page title equals ``title``.</doc>
<msg timestamp="20241115 15:37:10.001" level="INFO">Page title is 'Ohtu Application main page'.</msg>
<status status="PASS" starttime="20241115 15:37:09.991" endtime="20241115 15:37:10.001"/>
</kw>
<status status="PASS" starttime="20241115 15:37:09.990" endtime="20241115 15:37:10.001"/>
</kw>
<status status="PASS" starttime="20241115 15:37:09.990" endtime="20241115 15:37:10.001"/>
</kw>
<status status="PASS" starttime="20241115 15:37:09.798" endtime="20241115 15:37:10.001"/>
</test>
<test id="s1-s2-t2" name="Login With Incorrect Password" line="14">
<kw name="Reset Application Create User And Go To Login Page" type="SETUP">
<kw name="Reset Application" library="AppLibrary">
<status status="PASS" starttime="20241115 15:37:10.002" endtime="20241115 15:37:10.004"/>
</kw>
<kw name="Create User" library="AppLibrary">
<arg>kalle</arg>
<arg>kalle123</arg>
<status status="PASS" starttime="20241115 15:37:10.005" endtime="20241115 15:37:10.008"/>
</kw>
<kw name="Go To Login Page" library="resource">
<kw name="Go To" library="SeleniumLibrary">
<arg>${LOGIN_URL}</arg>
<doc>Navigates the current browser window to the provided ``url``.</doc>
<msg timestamp="20241115 15:37:10.009" level="INFO">Opening url 'http://localhost:5001/login'</msg>
<status status="PASS" starttime="20241115 15:37:10.009" endtime="20241115 15:37:10.023"/>
</kw>
<status status="PASS" starttime="20241115 15:37:10.009" endtime="20241115 15:37:10.023"/>
</kw>
<status status="PASS" starttime="20241115 15:37:10.002" endtime="20241115 15:37:10.023"/>
</kw>
<kw name="Set Username">
<arg>kalle</arg>
<kw name="Input Text" library="SeleniumLibrary">
<arg>username</arg>
<arg>${username}</arg>
<doc>Types the given ``text`` into the text field identified by ``locator``.</doc>
<msg timestamp="20241115 15:37:10.024" level="INFO">Typing text 'kalle' into text field 'username'.</msg>
<status status="PASS" starttime="20241115 15:37:10.024" endtime="20241115 15:37:10.064"/>
</kw>
<status status="PASS" starttime="20241115 15:37:10.024" endtime="20241115 15:37:10.064"/>
</kw>
<kw name="Set Password">
<arg>kalle456</arg>
<kw name="Input Password" library="SeleniumLibrary">
<arg>password</arg>
<arg>${password}</arg>
<doc>Types the given password into the text field identified by ``locator``.</doc>
<msg timestamp="20241115 15:37:10.065" level="INFO">Typing password into text field 'password'.</msg>
<msg timestamp="20241115 15:37:10.084" level="INFO">Temporally setting log level to: NONE</msg>
<msg timestamp="20241115 15:37:10.104" level="INFO">Log level changed from NONE to INFO.</msg>
<status status="PASS" starttime="20241115 15:37:10.065" endtime="20241115 15:37:10.104"/>
</kw>
<status status="PASS" starttime="20241115 15:37:10.064" endtime="20241115 15:37:10.104"/>
</kw>
<kw name="Submit Credentials">
<kw name="Click Button" library="SeleniumLibrary">
<arg>Login</arg>
<doc>Clicks the button identified by ``locator``.</doc>
<msg timestamp="20241115 15:37:10.105" level="INFO">Clicking button 'Login'.</msg>
<status status="PASS" starttime="20241115 15:37:10.105" endtime="20241115 15:37:10.137"/>
</kw>
<status status="PASS" starttime="20241115 15:37:10.104" endtime="20241115 15:37:10.137"/>
</kw>
<kw name="Login Should Fail With Message">
<arg>Invalid username or password</arg>
<kw name="Login Page Should Be Open" library="resource">
<kw name="Title Should Be" library="SeleniumLibrary">
<arg>Login</arg>
<doc>Verifies that the current page title equals ``title``.</doc>
<msg timestamp="20241115 15:37:10.146" level="INFO">Page title is 'Login'.</msg>
<status status="PASS" starttime="20241115 15:37:10.138" endtime="20241115 15:37:10.146"/>
</kw>
<status status="PASS" starttime="20241115 15:37:10.138" endtime="20241115 15:37:10.146"/>
</kw>
<kw name="Page Should Contain" library="SeleniumLibrary">
<arg>${message}</arg>
<doc>Verifies that current page contains ``text``.</doc>
<msg timestamp="20241115 15:37:10.154" level="INFO">Current page contains text 'Invalid username or password'.</msg>
<status status="PASS" starttime="20241115 15:37:10.146" endtime="20241115 15:37:10.155"/>
</kw>
<status status="PASS" starttime="20241115 15:37:10.137" endtime="20241115 15:37:10.155"/>
</kw>
<status status="PASS" starttime="20241115 15:37:10.001" endtime="20241115 15:37:10.155"/>
</test>
<kw name="Close Browser" library="SeleniumLibrary" type="TEARDOWN">
<doc>Closes the current browser.</doc>
<status status="PASS" starttime="20241115 15:37:10.155" endtime="20241115 15:37:10.219"/>
</kw>
<status status="PASS" starttime="20241115 15:37:09.559" endtime="20241115 15:37:10.219"/>
</suite>
<status status="PASS" starttime="20241115 15:37:08.974" endtime="20241115 15:37:10.221"/>
</suite>
<statistics>
<total>
<stat pass="4" fail="0" skip="0">All Tests</stat>
</total>
<tag>
</tag>
<suite>
<stat pass="4" fail="0" skip="0" id="s1" name="Tests">Tests</stat>
<stat pass="2" fail="0" skip="0" id="s1-s1" name="Home">Tests.Home</stat>
<stat pass="2" fail="0" skip="0" id="s1-s2" name="Login">Tests.Login</stat>
</suite>
</statistics>
<errors>
<msg timestamp="20241115 15:37:09.167" level="WARN">The chromedriver version (130.0.6723.91) detected in PATH at /usr/bin/chromedriver might not be compatible with the detected chrome version (131.0.6778.69); currently, chromedriver 131.0.6778.69 is recommended for chrome 131.*, so it is advised to delete the driver in PATH and retry</msg>
<msg timestamp="20241115 15:37:09.614" level="WARN">The chromedriver version (130.0.6723.91) detected in PATH at /usr/bin/chromedriver might not be compatible with the detected chrome version (131.0.6778.69); currently, chromedriver 131.0.6778.69 is recommended for chrome 131.*, so it is advised to delete the driver in PATH and retry</msg>
</errors>
</robot>
